TN:
SF:services\cronJobs.js
FN:7,(anonymous_0)
FN:12,(anonymous_1)
FN:15,(anonymous_2)
FN:39,(anonymous_3)
FN:50,(anonymous_4)
FN:131,shouldSendToday
FNF:6
FNH:0
FNDA:0,(anonymous_0)
FNDA:0,(anonymous_1)
FNDA:0,(anonymous_2)
FNDA:0,(anonymous_3)
FNDA:0,(anonymous_4)
FNDA:0,shouldSendToday
DA:1,0
DA:2,0
DA:3,0
DA:4,0
DA:5,0
DA:7,0
DA:8,0
DA:12,0
DA:15,0
DA:18,0
DA:20,0
DA:21,0
DA:23,0
DA:24,0
DA:26,0
DA:29,0
DA:30,0
DA:32,0
DA:34,0
DA:39,0
DA:40,0
DA:42,0
DA:44,0
DA:46,0
DA:50,0
DA:51,0
DA:53,0
DA:54,0
DA:55,0
DA:57,0
DA:58,0
DA:59,0
DA:60,0
DA:63,0
DA:73,0
DA:74,0
DA:75,0
DA:78,0
DA:80,0
DA:81,0
DA:82,0
DA:85,0
DA:88,0
DA:97,0
DA:100,0
DA:103,0
DA:112,0
DA:114,0
DA:115,0
DA:117,0
DA:118,0
DA:119,0
DA:124,0
DA:126,0
DA:138,0
DA:139,0
DA:141,0
LF:57
LH:0
BRDA:18,0,0,0
BRDA:18,0,1,0
BRDA:18,0,2,0
BRDA:40,1,0,0
BRDA:40,1,1,0
BRDA:40,1,2,0
BRDA:73,2,0,0
BRDA:73,2,1,0
BRDA:81,3,0,0
BRDA:81,3,1,0
BRDA:81,4,0,0
BRDA:81,4,1,0
BRDA:88,5,0,0
BRDA:88,5,1,0
BRDA:108,6,0,0
BRDA:108,6,1,0
BRDA:109,7,0,0
BRDA:109,7,1,0
BRDA:117,8,0,0
BRDA:117,8,1,0
BRDA:142,9,0,0
BRDA:142,9,1,0
BRDA:142,9,2,0
BRDA:142,9,3,0
BRDA:142,9,4,0
BRDA:142,9,5,0
BRDA:142,9,6,0
BRDA:142,9,7,0
BRDA:142,9,8,0
BRDA:142,9,9,0
BRDA:142,9,10,0
BRF:31
BRH:0
end_of_record
TN:
SF:services\cronJobsTestExport.js
FN:5,(anonymous_0)
FN:29,(anonymous_1)
FN:41,shouldSendToday
FNF:3
FNH:3
FNDA:4,(anonymous_0)
FNDA:3,(anonymous_1)
FNDA:3,shouldSendToday
DA:1,1
DA:2,1
DA:5,1
DA:8,4
DA:10,2
DA:11,2
DA:13,1
DA:14,1
DA:16,1
DA:19,4
DA:20,4
DA:22,1
DA:24,1
DA:29,1
DA:30,3
DA:32,1
DA:34,1
DA:36,1
DA:48,3
DA:49,3
DA:51,3
DA:64,1
LF:22
LH:22
BRDA:8,0,0,2
BRDA:8,0,1,1
BRDA:8,0,2,1
BRDA:30,1,0,1
BRDA:30,1,1,1
BRDA:30,1,2,1
BRDA:52,2,0,3
BRDA:52,2,1,2
BRDA:52,2,2,2
BRDA:52,2,3,2
BRDA:52,2,4,1
BRDA:52,2,5,0
BRDA:52,2,6,1
BRDA:52,2,7,0
BRDA:52,2,8,0
BRDA:52,2,9,0
BRDA:52,2,10,0
BRF:17
BRH:12
end_of_record
TN:
SF:utils\sendReminderEmail.js
FN:3,sendReminderEmail
FNF:1
FNH:0
FNDA:0,sendReminderEmail
DA:1,0
DA:5,0
DA:15,0
DA:23,0
DA:24,0
DA:25,0
DA:26,0
DA:28,0
DA:29,0
DA:33,0
LF:10
LH:0
BRF:0
BRH:0
end_of_record
